0 info it worked if it ends with ok
1 verbose cli [ '/usr/local/bin/node',
1 verbose cli   '/usr/local/bin/npm',
1 verbose cli   'run',
1 verbose cli   'dev',
1 verbose cli   '--',
1 verbose cli   '--hostname',
1 verbose cli   '0.0.0.0',
1 verbose cli   '--port',
1 verbose cli   '3000' ]
2 info using npm@6.4.1
3 info using node@v10.15.3
4 verbose stack Error: ENOENT: no such file or directory, open '/root/nuxt_django/frontend/nuxt/package.json'
5 verbose cwd /root/nuxt_django/frontend/nuxt
6 verbose Linux 4.15.0-45-generic
7 verbose argv "/usr/local/bin/node" "/usr/local/bin/npm" "run" "dev" "--" "--hostname" "0.0.0.0" "--port" "3000"
8 verbose node v10.15.3
9 verbose npm  v6.4.1
10 error path /root/nuxt_django/frontend/nuxt/package.json
11 error code ENOENT
12 error errno -2
13 error syscall open
14 error enoent ENOENT: no such file or directory, open '/root/nuxt_django/frontend/nuxt/package.json'
15 error enoent This is related to npm not being able to find a file.
16 verbose exit [ -2, true ]
