0 info it worked if it ends with ok
1 verbose cli [ '/usr/local/bin/node', '/usr/local/bin/npm', 'run', 'dev' ]
2 info using npm@6.4.1
3 info using node@v10.15.3
4 verbose run-script [ 'predev', 'dev', 'postdev' ]
5 info lifecycle zhidao@1.0.0~predev: zhidao@1.0.0
6 info lifecycle zhidao@1.0.0~dev: zhidao@1.0.0
7 verbose lifecycle zhidao@1.0.0~dev: unsafe-perm in lifecycle true
8 verbose lifecycle zhidao@1.0.0~dev: PATH: /usr/local/lib/node_modules/npm/node_modules/npm-lifecycle/node-gyp-bin:/usr/src/app/nuxt/node_modules/.bin:/usr/local/sbin:/usr/local/bin:/usr/sbin:/usr/bin:/sbin:/bin
9 verbose lifecycle zhidao@1.0.0~dev: CWD: /usr/src/app/nuxt
10 silly lifecycle zhidao@1.0.0~dev: Args: [ '-c', 'HOST=0.0.0.0 PORT=3000 nuxt' ]
11 silly lifecycle zhidao@1.0.0~dev: Returned: code: 126  signal: null
12 info lifecycle zhidao@1.0.0~dev: Failed to exec dev script
13 verbose stack Error: zhidao@1.0.0 dev: `HOST=0.0.0.0 PORT=3000 nuxt`
13 verbose stack Exit status 126
13 verbose stack     at EventEmitter.<anonymous> (/usr/local/lib/node_modules/npm/node_modules/npm-lifecycle/index.js:301:16)
13 verbose stack     at EventEmitter.emit (events.js:189:13)
13 verbose stack     at ChildProcess.<anonymous> (/usr/local/lib/node_modules/npm/node_modules/npm-lifecycle/lib/spawn.js:55:14)
13 verbose stack     at ChildProcess.emit (events.js:189:13)
13 verbose stack     at maybeClose (internal/child_process.js:970:16)
13 verbose stack     at Process.ChildProcess._handle.onexit (internal/child_process.js:259:5)
14 verbose pkgid zhidao@1.0.0
15 verbose cwd /usr/src/app/nuxt
16 verbose Linux 4.15.0-45-generic
17 verbose argv "/usr/local/bin/node" "/usr/local/bin/npm" "run" "dev"
18 verbose node v10.15.3
19 verbose npm  v6.4.1
20 error code ELIFECYCLE
21 error errno 126
22 error zhidao@1.0.0 dev: `HOST=0.0.0.0 PORT=3000 nuxt`
22 error Exit status 126
23 error Failed at the zhidao@1.0.0 dev script.
23 error This is probably not a problem with npm. There is likely additional logging output above.
24 verbose exit [ 126, true ]
